This file contains any messages produced by compilers while
running configure, to aid debugging if configure makes a mistake.

configure:542: checking for gawk
configure:574: checking for gcc
configure:687: checking whether the C compiler (gcc  ) works
configure:703: gcc -o conftest    conftest.c  1>&5
configure:729: checking whether the C compiler (gcc  ) is a cross-compiler
configure:734: checking whether we are using GNU C
configure:762: checking whether gcc accepts -g
configure:824: checking for a BSD compatible install
configure:878: checking how to run the C preprocessor
configure:959: checking for AIX
configure:983: checking for POSIXized ISC
configure:1005: checking for minix/config.h
configure:1056: checking whether gcc needs -traditional
configure:1102: checking for working const
configure:1182: checking for X
configure:1496: checking for dnet_ntoa in -ldnet
configure:1537: checking for dnet_ntoa in -ldnet_stub
configure:1585: checking for gethostbyname
configure:1683: checking for connect
configure:1775: checking for remove
configure:1867: checking for shmat
configure:1968: checking for IceConnectionNumber in -lICE
configure:2014: checking for pow in -lm
configure:2061: checking for gethostbyname in -lnsl
configure:2108: checking for socket in -lsocket
configure:2155: checking for inet_aton in -lresolv
configure:2202: checking for pthread_create in -lpthread
configure:2249: checking for XOpenDisplay in -lX11
configure:2296: checking for ptsname in -lpt
configure:2344: checking for ANSI C header files
configure:2448: checking whether time.h and sys/time.h may both be included
configure:2486: checking for sys/types.h
configure:2486: checking for sys/select.h
configure:2486: checking for string.h
configure:2486: checking for strings.h
configure:2486: checking for memory.h
configure:2486: checking for unistd.h
configure:2486: checking for malloc.h
configure:2486: checking for sys/socket.h
configure:2486: checking for netinet/in.h
configure:2486: checking for sys/param.h
configure:2486: checking for netdb.h
configure:2486: checking for time.h
configure:2486: checking for sys/time.h
configure:2486: checking for pthread.h
configure:2486: checking for setjmp.h
configure:2486: checking for malloc.h
configure:2486: checking for fcntl.h
configure:2486: checking for sys/stat.h
configure:2486: checking for linux/soundcard.h
configure:2524: checking whether struct tm is in sys/time.h or time.h
configure:2558: checking for size_t
configure:2591: checking for size_t
configure:2627: checking for gettimeofday
configure:2627: checking for select
configure:2627: checking for socket
configure:2627: checking for strdup
configure:2627: checking for strstr
configure:2627: checking for strtol
configure:2627: checking for strchr
configure:2627: checking for memcpy
configure:2627: checking for getenv
configure:2627: checking for pow
configure:2627: checking for exp
configure:2627: checking for gethostbyname
configure:2627: checking for pthread_create
configure:2627: checking for getpid
